Reading netlist file: "C:\Users\Administrator\Documents\stopwatch\impl\gwsynthesis\stopwatch.vg"
Parsing netlist file "C:\Users\Administrator\Documents\stopwatch\impl\gwsynthesis\stopwatch.vg" completed
Processing netlist completed
Reading constraint file: "C:\Users\Administrator\Documents\stopwatch\src\stopwatch.cst"
Physical Constraint parsed completed
Running placement......
[10%] Placement Phase 0 completed
[20%] Placement Phase 1 completed
[30%] Placement Phase 2 completed
[50%] Placement Phase 3 completed
Running routing......
[60%] Routing Phase 0 completed
[70%] Routing Phase 1 completed
[80%] Routing Phase 2 completed
[90%] Routing Phase 3 completed
Running timing analysis......
[95%] Timing analysis completed
Placement and routing completed
Bitstream generation in progress......
Bitstream generation completed
Generate file "C:\Users\Administrator\Documents\stopwatch\impl\pnr\stopwatch.pin.html" completed
Generate file "C:\Users\Administrator\Documents\stopwatch\impl\pnr\stopwatch.rpt.html" completed
Generate file "C:\Users\Administrator\Documents\stopwatch\impl\pnr\stopwatch.rpt.txt" completed
Generate file "C:\Users\Administrator\Documents\stopwatch\impl\pnr\stopwatch.tr.html" completed
Thu May 02 12:31:06 2024

